<?xml version="1.0" encoding="UTF-8"?>
<testsuite name="com.max.MaximumTest" tests="3" skipped="0" failures="0" errors="0" timestamp="2021-02-04T14:45:52" hostname="LAPTOP-UDE41EKB" time="0.002">
  <properties/>
  <testcase name="givenFirstNumberAsLarge_Return_FirstStringAsMax" classname="com.max.MaximumTest" time="0.001"/>
  <testcase name="givenSecondNumberAsLarge_Return_SecondStringAsMax" classname="com.max.MaximumTest" time="0.0"/>
  <testcase name="givenThirdNumberAsLarge_Return_ThirdStringAsMax" classname="com.max.MaximumTest" time="0.0"/>
  <system-out><![CDATA[]]></system-out>
  <system-err><![CDATA[]]></system-err>
</testsuite>
