<?xml version="1.0" encoding="UTF-8"?>
<testsuite name="com.max.MaximumTest" tests="1" skipped="0" failures="0" errors="0" timestamp="2021-02-04T16:55:52" hostname="LAPTOP-UDE41EKB" time="0.005">
  <properties/>
  <testcase name="givenForthStringAsLarge_ShouldReturn_ForthStringAsMax" classname="com.max.MaximumTest" time="0.005"/>
  <system-out><![CDATA[Max Value = MANGOES
]]></system-out>
  <system-err><![CDATA[]]></system-err>
</testsuite>
